<?xml version="1.0" encoding="UTF-8"?>
<!-- Generated by org.testng.reporters.JUnitXMLReporter -->
<testsuite ignored="0" hostname="DESKTOP-2223PA2" failures="0" tests="3" name="Test" time="26.701" errors="0" timestamp="16 Dec 2022 19:54:03 GMT">
  <testcase classname="PageTestsPackage.SignInPageTest" name="signInPageTitleTest" time="0.084"/>
  <testcase classname="PageTestsPackage.SignInPage1Test" name="validateSignInPage1TitleTest" time="0.008"/>
  <testcase classname="PageTestsPackage.HomePageTest" name="HomePageTitleTest" time="0.394"/>
</testsuite> <!-- Test -->
