<?xml version="1.0" encoding="UTF-8"?>
<!-- Generated by org.testng.reporters.JUnitXMLReporter -->
<testsuite ignored="0" hostname="DESKTOP-2223PA2" failures="0" tests="5" name="Default test" time="23.806" errors="0" timestamp="10 Dec 2022 23:47:05 GMT">
  <testcase classname="PageTestsPackage.HomePageTest" name="HomePageTitleTest" time="0.043"/>
  <testcase classname="PageTestsPackage.HomePageTest" name="validateFlagTest" time="0.145"/>
  <testcase classname="PageTestsPackage.HomePageTest" name="validateAmazonLogoTest" time="0.13"/>
  <testcase classname="PageTestsPackage.HomePageTest" name="validateCartTest" time="0.133"/>
  <testcase classname="PageTestsPackage.HomePageTest" name="validateSignInTest" time="1.232"/>
</testsuite> <!-- Default test -->
