<?xml version="1.0" encoding="UTF-8"?>
<testng-results ignored="0" total="3" passed="3" failed="0" skipped="0">
  <reporter-output>
  </reporter-output>
  <suite started-at="2022-12-16T19:53:36Z" name="Suite" finished-at="2022-12-16T19:54:03Z" duration-ms="26701">
    <groups>
    </groups>
    <test started-at="2022-12-16T19:53:36Z" name="Test" finished-at="2022-12-16T19:54:03Z" duration-ms="26701">
      <class name="PageTestsPackage.SignInPage1Test">
        <test-method is-config="true" signature="setUp()[pri:0, instance:PageTestsPackage.SignInPage1Test@15043a2f]" started-at="2022-12-16T19:53:47Z" name="setUp" finished-at="2022-12-16T19:53:56Z" duration-ms="8503" status="PASS">
          <reporter-output>
          </reporter-output>
        </test-method> <!-- setUp -->
        <test-method signature="validateSignInPage1TitleTest()[pri:1, instance:PageTestsPackage.SignInPage1Test@15043a2f]" started-at="2022-12-16T19:53:56Z" name="validateSignInPage1TitleTest" finished-at="2022-12-16T19:53:56Z" duration-ms="8" status="PASS">
          <reporter-output>
          </reporter-output>
        </test-method> <!-- validateSignInPage1TitleTest -->
        <test-method is-config="true" signature="tearDown()[pri:0, instance:PageTestsPackage.SignInPage1Test@15043a2f]" started-at="2022-12-16T19:53:56Z" name="tearDown" finished-at="2022-12-16T19:53:56Z" duration-ms="398" status="PASS">
          <reporter-output>
          </reporter-output>
        </test-method> <!-- tearDown -->
      </class> <!-- PageTestsPackage.SignInPage1Test -->
      <class name="PageTestsPackage.SignInPageTest">
        <test-method is-config="true" signature="setUp()[pri:0, instance:PageTestsPackage.SignInPageTest@4c60d6e9]" started-at="2022-12-16T19:53:36Z" name="setUp" finished-at="2022-12-16T19:53:47Z" duration-ms="10251" status="PASS">
          <reporter-output>
          </reporter-output>
        </test-method> <!-- setUp -->
        <test-method signature="signInPageTitleTest()[pri:1, instance:PageTestsPackage.SignInPageTest@4c60d6e9]" started-at="2022-12-16T19:53:47Z" name="signInPageTitleTest" finished-at="2022-12-16T19:53:47Z" duration-ms="84" status="PASS">
          <reporter-output>
          </reporter-output>
        </test-method> <!-- signInPageTitleTest -->
        <test-method is-config="true" signature="tearDown()[pri:0, instance:PageTestsPackage.SignInPageTest@4c60d6e9]" started-at="2022-12-16T19:53:47Z" name="tearDown" finished-at="2022-12-16T19:53:47Z" duration-ms="492" status="PASS">
          <reporter-output>
          </reporter-output>
        </test-method> <!-- tearDown -->
      </class> <!-- PageTestsPackage.SignInPageTest -->
      <class name="PageTestsPackage.HomePageTest">
        <test-method is-config="true" signature="setup()[pri:0, instance:PageTestsPackage.HomePageTest@4a83a74a]" started-at="2022-12-16T19:53:56Z" name="setup" finished-at="2022-12-16T19:54:02Z" duration-ms="5999" status="PASS">
          <reporter-output>
          </reporter-output>
        </test-method> <!-- setup -->
        <test-method signature="HomePageTitleTest()[pri:1, instance:PageTestsPackage.HomePageTest@4a83a74a]" started-at="2022-12-16T19:54:02Z" name="HomePageTitleTest" finished-at="2022-12-16T19:54:03Z" duration-ms="394" status="PASS">
          <reporter-output>
          </reporter-output>
        </test-method> <!-- HomePageTitleTest -->
        <test-method is-config="true" signature="tearDown()[pri:0, instance:PageTestsPackage.HomePageTest@4a83a74a]" started-at="2022-12-16T19:54:03Z" name="tearDown" finished-at="2022-12-16T19:54:03Z" duration-ms="479" status="PASS">
          <reporter-output>
          </reporter-output>
        </test-method> <!-- tearDown -->
      </class> <!-- PageTestsPackage.HomePageTest -->
    </test> <!-- Test -->
  </suite> <!-- Suite -->
</testng-results>
