<?xml version="1.0" encoding="UTF-8"?>
<!-- Generated by org.testng.reporters.JUnitXMLReporter -->
<testsuite ignored="0" hostname="DESKTOP-2223PA2" failures="0" tests="3" name="Test" time="0.047" errors="0" timestamp="2022-11-25T17:55:50 PST">
  <testcase classname="TestNGSamples.AnnotationExample" name="testCase4" time="0.007"/>
  <testcase classname="TestNGSamples.AnnotationExample" name="testcase5" time="0.001"/>
  <testcase classname="TestNGSamples.AnnotationExample" name="testcase6" time="0.001"/>
</testsuite> <!-- Test -->
